<?xml version="1.0" encoding="UTF-8"?><testsuite errors="0" failures="0" name="com.bestbuy.bestbuy.crudtest.StoresCRUDTest" skipped="0" tests="4" time="5.09" timestamp="2020-05-27T17:20:54.420+01:00[Europe/London]"><testcase classname="com.bestbuy.bestbuy.crudtest.StoresCRUDTest" name="Creating a new Store"/><testcase classname="com.bestbuy.bestbuy.crudtest.StoresCRUDTest" name="Getting a created Store"/><testcase classname="com.bestbuy.bestbuy.crudtest.StoresCRUDTest" name="This test will update the store information and verify the updated information"/><testcase classname="com.bestbuy.bestbuy.crudtest.StoresCRUDTest" name="This test will delete the store and verify the store is deleted "/></testsuite>