<?xml version="1.0" encoding="UTF-8"?><testsuite errors="1" failures="0" name="com.bestbuy.bestbuy.testsuite.ProductTestWithTags" skipped="0" tests="1" time="0.0" timestamp="2020-05-27T17:18:30.817+01:00[Europe/London]"><testcase classname="com.bestbuy.bestbuy.testsuite.ProductTestWithTags" name="Initialisation"><error message="null" type="java.lang.NumberFormatException">null</error><system-err>null&#13;
com.bestbuy.bestbuy.testbase.TestBase.init(TestBase.java:20)&#13;
</system-err></testcase></testsuite>